<?xml version="1.0" encoding="UTF-8"?>
<!-- Generated by org.testng.reporters.JUnitReportReporter -->
<testsuite hostname="DESKTOP-3MJ1S42" failures="0" tests="1" name="matematica_da_agua.Teste01_RealizaroAcessoaoSite" time="3.853" errors="0" timestamp="2023-11-02T08:32:35 BRT" skipped="0">
  <testcase classname="matematica_da_agua.Teste01_RealizaroAcessoaoSite" name="loginTest" time="3.853"/>
</testsuite> <!-- matematica_da_agua.Teste01_RealizaroAcessoaoSite -->
