<?xml version="1.0" encoding="UTF-8"?>
<!-- Generated by org.testng.reporters.JUnitReportReporter -->
<testsuite hostname="DESKTOP-3MJ1S42" failures="0" tests="1" name="matematica_da_agua.Teste02_RealizaroCalculonoSite" time="7.133" errors="0" timestamp="2023-11-03T17:27:24 BRT" skipped="0">
  <testcase classname="matematica_da_agua.Teste02_RealizaroCalculonoSite" name="loginTest" time="7.133"/>
</testsuite> <!-- matematica_da_agua.Teste02_RealizaroCalculonoSite -->
